Performing C++ SOURCE FILE Test CMAKE_HAVE_LIBC_PTHREAD failed with the following output:
Change Dir: /home/jaelee/nethack/version_euiyulsong/neurips-2021-the-nethack-challenge/nethack_baselines/torchbeast/build/temp.linux-x86_64-3.8/CMakeFiles/CMakeTmp

Run Build Command(s):/usr/bin/make -f Makefile cmTC_b20ea/fast && /usr/bin/make  -f CMakeFiles/cmTC_b20ea.dir/build.make CMakeFiles/cmTC_b20ea.dir/build
make[1]: Entering directory '/home/jaelee/nethack/version_euiyulsong/neurips-2021-the-nethack-challenge/nethack_baselines/torchbeast/build/temp.linux-x86_64-3.8/CMakeFiles/CMakeTmp'
Building CXX object CMakeFiles/cmTC_b20ea.dir/src.cxx.o
/usr/bin/c++ -DCMAKE_HAVE_LIBC_PTHREAD  -fPIE -o CMakeFiles/cmTC_b20ea.dir/src.cxx.o -c /home/jaelee/nethack/version_euiyulsong/neurips-2021-the-nethack-challenge/nethack_baselines/torchbeast/build/temp.linux-x86_64-3.8/CMakeFiles/CMakeTmp/src.cxx
Linking CXX executable cmTC_b20ea
/home/jaelee/anaconda3/envs/nle/bin/cmake -E cmake_link_script CMakeFiles/cmTC_b20ea.dir/link.txt --verbose=1
/usr/bin/c++ CMakeFiles/cmTC_b20ea.dir/src.cxx.o -o cmTC_b20ea 
/usr/bin/ld: CMakeFiles/cmTC_b20ea.dir/src.cxx.o: in function `main':
src.cxx:(.text+0x46): undefined reference to `pthread_create'
/usr/bin/ld: src.cxx:(.text+0x52): undefined reference to `pthread_detach'
/usr/bin/ld: src.cxx:(.text+0x5e): undefined reference to `pthread_cancel'
/usr/bin/ld: src.cxx:(.text+0x6f): undefined reference to `pthread_join'
collect2: error: ld returned 1 exit status
make[1]: *** [CMakeFiles/cmTC_b20ea.dir/build.make:99: cmTC_b20ea] Error 1
make[1]: Leaving directory '/home/jaelee/nethack/version_euiyulsong/neurips-2021-the-nethack-challenge/nethack_baselines/torchbeast/build/temp.linux-x86_64-3.8/CMakeFiles/CMakeTmp'
make: *** [Makefile:127: cmTC_b20ea/fast] Error 2


Source file was:
#include <pthread.h>

static void* test_func(void* data)
{
  return data;
}

int main(void)
{
  pthread_t thread;
  pthread_create(&thread, NULL, test_func, NULL);
  pthread_detach(thread);
  pthread_cancel(thread);
  pthread_join(thread, NULL);
  pthread_atfork(NULL, NULL, NULL);
  pthread_exit(NULL);

  return 0;
}

Determining if the function pthread_create exists in the pthreads failed with the following output:
Change Dir: /home/jaelee/nethack/version_euiyulsong/neurips-2021-the-nethack-challenge/nethack_baselines/torchbeast/build/temp.linux-x86_64-3.8/CMakeFiles/CMakeTmp

Run Build Command(s):/usr/bin/make -f Makefile cmTC_d0ab7/fast && /usr/bin/make  -f CMakeFiles/cmTC_d0ab7.dir/build.make CMakeFiles/cmTC_d0ab7.dir/build
make[1]: Entering directory '/home/jaelee/nethack/version_euiyulsong/neurips-2021-the-nethack-challenge/nethack_baselines/torchbeast/build/temp.linux-x86_64-3.8/CMakeFiles/CMakeTmp'
Building CXX object CMakeFiles/cmTC_d0ab7.dir/CheckFunctionExists.cxx.o
/usr/bin/c++   -DCHECK_FUNCTION_EXISTS=pthread_create -fPIE -o CMakeFiles/cmTC_d0ab7.dir/CheckFunctionExists.cxx.o -c /home/jaelee/nethack/version_euiyulsong/neurips-2021-the-nethack-challenge/nethack_baselines/torchbeast/build/temp.linux-x86_64-3.8/CMakeFiles/CheckLibraryExists/CheckFunctionExists.cxx
Linking CXX executable cmTC_d0ab7
/home/jaelee/anaconda3/envs/nle/bin/cmake -E cmake_link_script CMakeFiles/cmTC_d0ab7.dir/link.txt --verbose=1
/usr/bin/c++  -DCHECK_FUNCTION_EXISTS=pthread_create CMakeFiles/cmTC_d0ab7.dir/CheckFunctionExists.cxx.o -o cmTC_d0ab7  -lpthreads 
/usr/bin/ld: cannot find -lpthreads
collect2: error: ld returned 1 exit status
make[1]: *** [CMakeFiles/cmTC_d0ab7.dir/build.make:99: cmTC_d0ab7] Error 1
make[1]: Leaving directory '/home/jaelee/nethack/version_euiyulsong/neurips-2021-the-nethack-challenge/nethack_baselines/torchbeast/build/temp.linux-x86_64-3.8/CMakeFiles/CMakeTmp'
make: *** [Makefile:127: cmTC_d0ab7/fast] Error 2



Determining if the function res_servicename exists in the resolv failed with the following output:
Change Dir: /home/jaelee/nethack/version_euiyulsong/neurips-2021-the-nethack-challenge/nethack_baselines/torchbeast/build/temp.linux-x86_64-3.8/CMakeFiles/CMakeTmp

Run Build Command(s):/usr/bin/make -f Makefile cmTC_19dc0/fast && /usr/bin/make  -f CMakeFiles/cmTC_19dc0.dir/build.make CMakeFiles/cmTC_19dc0.dir/build
make[1]: Entering directory '/home/jaelee/nethack/version_euiyulsong/neurips-2021-the-nethack-challenge/nethack_baselines/torchbeast/build/temp.linux-x86_64-3.8/CMakeFiles/CMakeTmp'
Building C object CMakeFiles/cmTC_19dc0.dir/CheckFunctionExists.c.o
/usr/bin/cc   -DCHECK_FUNCTION_EXISTS=res_servicename -fPIE -std=gnu99 -o CMakeFiles/cmTC_19dc0.dir/CheckFunctionExists.c.o -c /home/jaelee/anaconda3/envs/nle/share/cmake-3.22/Modules/CheckFunctionExists.c
Linking C executable cmTC_19dc0
/home/jaelee/anaconda3/envs/nle/bin/cmake -E cmake_link_script CMakeFiles/cmTC_19dc0.dir/link.txt --verbose=1
/usr/bin/cc   -DCHECK_FUNCTION_EXISTS=res_servicename CMakeFiles/cmTC_19dc0.dir/CheckFunctionExists.c.o -o cmTC_19dc0  -lresolv 
/usr/bin/ld: CMakeFiles/cmTC_19dc0.dir/CheckFunctionExists.c.o: in function `main':
CheckFunctionExists.c:(.text+0x14): undefined reference to `res_servicename'
collect2: error: ld returned 1 exit status
make[1]: *** [CMakeFiles/cmTC_19dc0.dir/build.make:99: cmTC_19dc0] Error 1
make[1]: Leaving directory '/home/jaelee/nethack/version_euiyulsong/neurips-2021-the-nethack-challenge/nethack_baselines/torchbeast/build/temp.linux-x86_64-3.8/CMakeFiles/CMakeTmp'
make: *** [Makefile:127: cmTC_19dc0/fast] Error 2



Determining if the function gethostbyname exists in the socket failed with the following output:
Change Dir: /home/jaelee/nethack/version_euiyulsong/neurips-2021-the-nethack-challenge/nethack_baselines/torchbeast/build/temp.linux-x86_64-3.8/CMakeFiles/CMakeTmp

Run Build Command(s):/usr/bin/make -f Makefile cmTC_e978c/fast && /usr/bin/make  -f CMakeFiles/cmTC_e978c.dir/build.make CMakeFiles/cmTC_e978c.dir/build
make[1]: Entering directory '/home/jaelee/nethack/version_euiyulsong/neurips-2021-the-nethack-challenge/nethack_baselines/torchbeast/build/temp.linux-x86_64-3.8/CMakeFiles/CMakeTmp'
Building C object CMakeFiles/cmTC_e978c.dir/CheckFunctionExists.c.o
/usr/bin/cc   -DCHECK_FUNCTION_EXISTS=gethostbyname -fPIE -std=gnu99 -o CMakeFiles/cmTC_e978c.dir/CheckFunctionExists.c.o -c /home/jaelee/anaconda3/envs/nle/share/cmake-3.22/Modules/CheckFunctionExists.c
Linking C executable cmTC_e978c
/home/jaelee/anaconda3/envs/nle/bin/cmake -E cmake_link_script CMakeFiles/cmTC_e978c.dir/link.txt --verbose=1
/usr/bin/cc   -DCHECK_FUNCTION_EXISTS=gethostbyname CMakeFiles/cmTC_e978c.dir/CheckFunctionExists.c.o -o cmTC_e978c  -lsocket 
/usr/bin/ld: cannot find -lsocket
collect2: error: ld returned 1 exit status
make[1]: *** [CMakeFiles/cmTC_e978c.dir/build.make:99: cmTC_e978c] Error 1
make[1]: Leaving directory '/home/jaelee/nethack/version_euiyulsong/neurips-2021-the-nethack-challenge/nethack_baselines/torchbeast/build/temp.linux-x86_64-3.8/CMakeFiles/CMakeTmp'
make: *** [Makefile:127: cmTC_e978c/fast] Error 2



Determining if the function socket exists in the socket failed with the following output:
Change Dir: /home/jaelee/nethack/version_euiyulsong/neurips-2021-the-nethack-challenge/nethack_baselines/torchbeast/build/temp.linux-x86_64-3.8/CMakeFiles/CMakeTmp

Run Build Command(s):/usr/bin/make -f Makefile cmTC_08b20/fast && /usr/bin/make  -f CMakeFiles/cmTC_08b20.dir/build.make CMakeFiles/cmTC_08b20.dir/build
make[1]: Entering directory '/home/jaelee/nethack/version_euiyulsong/neurips-2021-the-nethack-challenge/nethack_baselines/torchbeast/build/temp.linux-x86_64-3.8/CMakeFiles/CMakeTmp'
Building C object CMakeFiles/cmTC_08b20.dir/CheckFunctionExists.c.o
/usr/bin/cc   -DCHECK_FUNCTION_EXISTS=socket -fPIE -std=gnu99 -o CMakeFiles/cmTC_08b20.dir/CheckFunctionExists.c.o -c /home/jaelee/anaconda3/envs/nle/share/cmake-3.22/Modules/CheckFunctionExists.c
Linking C executable cmTC_08b20
/home/jaelee/anaconda3/envs/nle/bin/cmake -E cmake_link_script CMakeFiles/cmTC_08b20.dir/link.txt --verbose=1
/usr/bin/cc   -DCHECK_FUNCTION_EXISTS=socket CMakeFiles/cmTC_08b20.dir/CheckFunctionExists.c.o -o cmTC_08b20  -lsocket 
/usr/bin/ld: cannot find -lsocket
collect2: error: ld returned 1 exit status
make[1]: *** [CMakeFiles/cmTC_08b20.dir/build.make:99: cmTC_08b20] Error 1
make[1]: Leaving directory '/home/jaelee/nethack/version_euiyulsong/neurips-2021-the-nethack-challenge/nethack_baselines/torchbeast/build/temp.linux-x86_64-3.8/CMakeFiles/CMakeTmp'
make: *** [Makefile:127: cmTC_08b20/fast] Error 2



Determining if files socket.h exist failed with the following output:
Change Dir: /home/jaelee/nethack/version_euiyulsong/neurips-2021-the-nethack-challenge/nethack_baselines/torchbeast/build/temp.linux-x86_64-3.8/CMakeFiles/CMakeTmp

Run Build Command(s):/usr/bin/make -f Makefile cmTC_b941e/fast && /usr/bin/make  -f CMakeFiles/cmTC_b941e.dir/build.make CMakeFiles/cmTC_b941e.dir/build
make[1]: Entering directory '/home/jaelee/nethack/version_euiyulsong/neurips-2021-the-nethack-challenge/nethack_baselines/torchbeast/build/temp.linux-x86_64-3.8/CMakeFiles/CMakeTmp'
Building C object CMakeFiles/cmTC_b941e.dir/HAVE_SOCKET_H.c.o
/usr/bin/cc   -fPIE -o CMakeFiles/cmTC_b941e.dir/HAVE_SOCKET_H.c.o -c /home/jaelee/nethack/version_euiyulsong/neurips-2021-the-nethack-challenge/nethack_baselines/torchbeast/build/temp.linux-x86_64-3.8/CMakeFiles/CheckIncludeFiles/HAVE_SOCKET_H.c
/home/jaelee/nethack/version_euiyulsong/neurips-2021-the-nethack-challenge/nethack_baselines/torchbeast/build/temp.linux-x86_64-3.8/CMakeFiles/CheckIncludeFiles/HAVE_SOCKET_H.c:2:10: fatal error: socket.h: No such file or directory
    2 | #include <socket.h>
      |          ^~~~~~~~~~
compilation terminated.
make[1]: *** [CMakeFiles/cmTC_b941e.dir/build.make:78: CMakeFiles/cmTC_b941e.dir/HAVE_SOCKET_H.c.o] Error 1
make[1]: Leaving directory '/home/jaelee/nethack/version_euiyulsong/neurips-2021-the-nethack-challenge/nethack_baselines/torchbeast/build/temp.linux-x86_64-3.8/CMakeFiles/CMakeTmp'
make: *** [Makefile:127: cmTC_b941e/fast] Error 2


Source:
/* */
#include <socket.h>


int main(void){return 0;}

Determining if files stropts.h exist failed with the following output:
Change Dir: /home/jaelee/nethack/version_euiyulsong/neurips-2021-the-nethack-challenge/nethack_baselines/torchbeast/build/temp.linux-x86_64-3.8/CMakeFiles/CMakeTmp

Run Build Command(s):/usr/bin/make -f Makefile cmTC_e485b/fast && /usr/bin/make  -f CMakeFiles/cmTC_e485b.dir/build.make CMakeFiles/cmTC_e485b.dir/build
make[1]: Entering directory '/home/jaelee/nethack/version_euiyulsong/neurips-2021-the-nethack-challenge/nethack_baselines/torchbeast/build/temp.linux-x86_64-3.8/CMakeFiles/CMakeTmp'
Building C object CMakeFiles/cmTC_e485b.dir/HAVE_STROPTS_H.c.o
/usr/bin/cc   -fPIE -o CMakeFiles/cmTC_e485b.dir/HAVE_STROPTS_H.c.o -c /home/jaelee/nethack/version_euiyulsong/neurips-2021-the-nethack-challenge/nethack_baselines/torchbeast/build/temp.linux-x86_64-3.8/CMakeFiles/CheckIncludeFiles/HAVE_STROPTS_H.c
/home/jaelee/nethack/version_euiyulsong/neurips-2021-the-nethack-challenge/nethack_baselines/torchbeast/build/temp.linux-x86_64-3.8/CMakeFiles/CheckIncludeFiles/HAVE_STROPTS_H.c:2:10: fatal error: stropts.h: No such file or directory
    2 | #include <stropts.h>
      |          ^~~~~~~~~~~
compilation terminated.
make[1]: *** [CMakeFiles/cmTC_e485b.dir/build.make:78: CMakeFiles/cmTC_e485b.dir/HAVE_STROPTS_H.c.o] Error 1
make[1]: Leaving directory '/home/jaelee/nethack/version_euiyulsong/neurips-2021-the-nethack-challenge/nethack_baselines/torchbeast/build/temp.linux-x86_64-3.8/CMakeFiles/CMakeTmp'
make: *** [Makefile:127: cmTC_e485b/fast] Error 2


Source:
/* */
#include <stropts.h>


int main(void){return 0;}

Determining if files winsock2.h;windows.h exist failed with the following output:
Change Dir: /home/jaelee/nethack/version_euiyulsong/neurips-2021-the-nethack-challenge/nethack_baselines/torchbeast/build/temp.linux-x86_64-3.8/CMakeFiles/CMakeTmp

Run Build Command(s):/usr/bin/make -f Makefile cmTC_e7371/fast && /usr/bin/make  -f CMakeFiles/cmTC_e7371.dir/build.make CMakeFiles/cmTC_e7371.dir/build
make[1]: Entering directory '/home/jaelee/nethack/version_euiyulsong/neurips-2021-the-nethack-challenge/nethack_baselines/torchbeast/build/temp.linux-x86_64-3.8/CMakeFiles/CMakeTmp'
Building C object CMakeFiles/cmTC_e7371.dir/HAVE_WINSOCK2_H.c.o
/usr/bin/cc   -fPIE -o CMakeFiles/cmTC_e7371.dir/HAVE_WINSOCK2_H.c.o -c /home/jaelee/nethack/version_euiyulsong/neurips-2021-the-nethack-challenge/nethack_baselines/torchbeast/build/temp.linux-x86_64-3.8/CMakeFiles/CheckIncludeFiles/HAVE_WINSOCK2_H.c
/home/jaelee/nethack/version_euiyulsong/neurips-2021-the-nethack-challenge/nethack_baselines/torchbeast/build/temp.linux-x86_64-3.8/CMakeFiles/CheckIncludeFiles/HAVE_WINSOCK2_H.c:2:10: fatal error: winsock2.h: No such file or directory
    2 | #include <winsock2.h>
      |          ^~~~~~~~~~~~
compilation terminated.
make[1]: *** [CMakeFiles/cmTC_e7371.dir/build.make:78: CMakeFiles/cmTC_e7371.dir/HAVE_WINSOCK2_H.c.o] Error 1
make[1]: Leaving directory '/home/jaelee/nethack/version_euiyulsong/neurips-2021-the-nethack-challenge/nethack_baselines/torchbeast/build/temp.linux-x86_64-3.8/CMakeFiles/CMakeTmp'
make: *** [Makefile:127: cmTC_e7371/fast] Error 2


Source:
/* */
#include <winsock2.h>
#include <windows.h>


int main(void){return 0;}

Determining if files winsock2.h;ws2tcpip.h;windows.h exist failed with the following output:
Change Dir: /home/jaelee/nethack/version_euiyulsong/neurips-2021-the-nethack-challenge/nethack_baselines/torchbeast/build/temp.linux-x86_64-3.8/CMakeFiles/CMakeTmp

Run Build Command(s):/usr/bin/make -f Makefile cmTC_c192e/fast && /usr/bin/make  -f CMakeFiles/cmTC_c192e.dir/build.make CMakeFiles/cmTC_c192e.dir/build
make[1]: Entering directory '/home/jaelee/nethack/version_euiyulsong/neurips-2021-the-nethack-challenge/nethack_baselines/torchbeast/build/temp.linux-x86_64-3.8/CMakeFiles/CMakeTmp'
Building C object CMakeFiles/cmTC_c192e.dir/HAVE_WS2TCPIP_H.c.o
/usr/bin/cc   -fPIE -o CMakeFiles/cmTC_c192e.dir/HAVE_WS2TCPIP_H.c.o -c /home/jaelee/nethack/version_euiyulsong/neurips-2021-the-nethack-challenge/nethack_baselines/torchbeast/build/temp.linux-x86_64-3.8/CMakeFiles/CheckIncludeFiles/HAVE_WS2TCPIP_H.c
/home/jaelee/nethack/version_euiyulsong/neurips-2021-the-nethack-challenge/nethack_baselines/torchbeast/build/temp.linux-x86_64-3.8/CMakeFiles/CheckIncludeFiles/HAVE_WS2TCPIP_H.c:2:10: fatal error: winsock2.h: No such file or directory
    2 | #include <winsock2.h>
      |          ^~~~~~~~~~~~
compilation terminated.
make[1]: *** [CMakeFiles/cmTC_c192e.dir/build.make:78: CMakeFiles/cmTC_c192e.dir/HAVE_WS2TCPIP_H.c.o] Error 1
make[1]: Leaving directory '/home/jaelee/nethack/version_euiyulsong/neurips-2021-the-nethack-challenge/nethack_baselines/torchbeast/build/temp.linux-x86_64-3.8/CMakeFiles/CMakeTmp'
make: *** [Makefile:127: cmTC_c192e/fast] Error 2


Source:
/* */
#include <winsock2.h>
#include <ws2tcpip.h>
#include <windows.h>


int main(void){return 0;}

Determining if files winsock.h;windows.h exist failed with the following output:
Change Dir: /home/jaelee/nethack/version_euiyulsong/neurips-2021-the-nethack-challenge/nethack_baselines/torchbeast/build/temp.linux-x86_64-3.8/CMakeFiles/CMakeTmp

Run Build Command(s):/usr/bin/make -f Makefile cmTC_eb22f/fast && /usr/bin/make  -f CMakeFiles/cmTC_eb22f.dir/build.make CMakeFiles/cmTC_eb22f.dir/build
make[1]: Entering directory '/home/jaelee/nethack/version_euiyulsong/neurips-2021-the-nethack-challenge/nethack_baselines/torchbeast/build/temp.linux-x86_64-3.8/CMakeFiles/CMakeTmp'
Building C object CMakeFiles/cmTC_eb22f.dir/HAVE_WINSOCK_H.c.o
/usr/bin/cc   -fPIE -o CMakeFiles/cmTC_eb22f.dir/HAVE_WINSOCK_H.c.o -c /home/jaelee/nethack/version_euiyulsong/neurips-2021-the-nethack-challenge/nethack_baselines/torchbeast/build/temp.linux-x86_64-3.8/CMakeFiles/CheckIncludeFiles/HAVE_WINSOCK_H.c
/home/jaelee/nethack/version_euiyulsong/neurips-2021-the-nethack-challenge/nethack_baselines/torchbeast/build/temp.linux-x86_64-3.8/CMakeFiles/CheckIncludeFiles/HAVE_WINSOCK_H.c:2:10: fatal error: winsock.h: No such file or directory
    2 | #include <winsock.h>
      |          ^~~~~~~~~~~
compilation terminated.
make[1]: *** [CMakeFiles/cmTC_eb22f.dir/build.make:78: CMakeFiles/cmTC_eb22f.dir/HAVE_WINSOCK_H.c.o] Error 1
make[1]: Leaving directory '/home/jaelee/nethack/version_euiyulsong/neurips-2021-the-nethack-challenge/nethack_baselines/torchbeast/build/temp.linux-x86_64-3.8/CMakeFiles/CMakeTmp'
make: *** [Makefile:127: cmTC_eb22f/fast] Error 2


Source:
/* */
#include <winsock.h>
#include <windows.h>


int main(void){return 0;}

Determining if files windows.h exist failed with the following output:
Change Dir: /home/jaelee/nethack/version_euiyulsong/neurips-2021-the-nethack-challenge/nethack_baselines/torchbeast/build/temp.linux-x86_64-3.8/CMakeFiles/CMakeTmp

Run Build Command(s):/usr/bin/make -f Makefile cmTC_6def6/fast && /usr/bin/make  -f CMakeFiles/cmTC_6def6.dir/build.make CMakeFiles/cmTC_6def6.dir/build
make[1]: Entering directory '/home/jaelee/nethack/version_euiyulsong/neurips-2021-the-nethack-challenge/nethack_baselines/torchbeast/build/temp.linux-x86_64-3.8/CMakeFiles/CMakeTmp'
Building C object CMakeFiles/cmTC_6def6.dir/HAVE_WINDOWS_H.c.o
/usr/bin/cc   -fPIE -o CMakeFiles/cmTC_6def6.dir/HAVE_WINDOWS_H.c.o -c /home/jaelee/nethack/version_euiyulsong/neurips-2021-the-nethack-challenge/nethack_baselines/torchbeast/build/temp.linux-x86_64-3.8/CMakeFiles/CheckIncludeFiles/HAVE_WINDOWS_H.c
/home/jaelee/nethack/version_euiyulsong/neurips-2021-the-nethack-challenge/nethack_baselines/torchbeast/build/temp.linux-x86_64-3.8/CMakeFiles/CheckIncludeFiles/HAVE_WINDOWS_H.c:2:10: fatal error: windows.h: No such file or directory
    2 | #include <windows.h>
      |          ^~~~~~~~~~~
compilation terminated.
make[1]: *** [CMakeFiles/cmTC_6def6.dir/build.make:78: CMakeFiles/cmTC_6def6.dir/HAVE_WINDOWS_H.c.o] Error 1
make[1]: Leaving directory '/home/jaelee/nethack/version_euiyulsong/neurips-2021-the-nethack-challenge/nethack_baselines/torchbeast/build/temp.linux-x86_64-3.8/CMakeFiles/CMakeTmp'
make: *** [Makefile:127: cmTC_6def6/fast] Error 2


Source:
/* */
#include <windows.h>


int main(void){return 0;}

Performing C SOURCE FILE Test HAVE_TYPE_SOCKET failed with the following output:
Change Dir: /home/jaelee/nethack/version_euiyulsong/neurips-2021-the-nethack-challenge/nethack_baselines/torchbeast/build/temp.linux-x86_64-3.8/CMakeFiles/CMakeTmp

Run Build Command(s):/usr/bin/make -f Makefile cmTC_01932/fast && /usr/bin/make  -f CMakeFiles/cmTC_01932.dir/build.make CMakeFiles/cmTC_01932.dir/build
make[1]: Entering directory '/home/jaelee/nethack/version_euiyulsong/neurips-2021-the-nethack-challenge/nethack_baselines/torchbeast/build/temp.linux-x86_64-3.8/CMakeFiles/CMakeTmp'
Building C object CMakeFiles/cmTC_01932.dir/src.c.o
/usr/bin/cc -DHAVE_TYPE_SOCKET -D_GNU_SOURCE -D_POSIX_C_SOURCE=199309L -D_XOPEN_SOURCE=600  -fPIE -std=gnu99 -o CMakeFiles/cmTC_01932.dir/src.c.o -c /home/jaelee/nethack/version_euiyulsong/neurips-2021-the-nethack-challenge/nethack_baselines/torchbeast/build/temp.linux-x86_64-3.8/CMakeFiles/CMakeTmp/src.c
/home/jaelee/nethack/version_euiyulsong/neurips-2021-the-nethack-challenge/nethack_baselines/torchbeast/build/temp.linux-x86_64-3.8/CMakeFiles/CMakeTmp/src.c: In function ‘main’:
/home/jaelee/nethack/version_euiyulsong/neurips-2021-the-nethack-challenge/nethack_baselines/torchbeast/build/temp.linux-x86_64-3.8/CMakeFiles/CMakeTmp/src.c:26:4: error: unknown type name ‘SOCKET’
   26 |    SOCKET var_exists;
      |    ^~~~~~
make[1]: *** [CMakeFiles/cmTC_01932.dir/build.make:78: CMakeFiles/cmTC_01932.dir/src.c.o] Error 1
make[1]: Leaving directory '/home/jaelee/nethack/version_euiyulsong/neurips-2021-the-nethack-challenge/nethack_baselines/torchbeast/build/temp.linux-x86_64-3.8/CMakeFiles/CMakeTmp'
make: *** [Makefile:127: cmTC_01932/fast] Error 2


Source file was:

		#include <stdio.h>
		#include <stdlib.h>
	
		#include <stdbool.h>
		#include <sys/types.h>
		#include <arpa/inet.h>
		#include <arpa/nameser.h>
		#include <netdb.h>
		#include <net/if.h>
		#include <netinet/in.h>
		#include <netinet/tcp.h>
		#include <signal.h>
		#include <stdlib.h>
		#include <string.h>
		#include <strings.h>
		#include <sys/ioctl.h>
		#include <sys/select.h>
		#include <sys/socket.h>
		#include <sys/time.h>
		#include <sys/uio.h>
		#include <time.h>
		#include <fcntl.h>
		#include <unistd.h>
		int main() {
			SOCKET var_exists;
			(void)var_exists;
			return 0;
		}
	
Determining if the SO_NONBLOCK exist failed with the following output:
Change Dir: /home/jaelee/nethack/version_euiyulsong/neurips-2021-the-nethack-challenge/nethack_baselines/torchbeast/build/temp.linux-x86_64-3.8/CMakeFiles/CMakeTmp

Run Build Command(s):/usr/bin/make -f Makefile cmTC_5f650/fast && /usr/bin/make  -f CMakeFiles/cmTC_5f650.dir/build.make CMakeFiles/cmTC_5f650.dir/build
make[1]: Entering directory '/home/jaelee/nethack/version_euiyulsong/neurips-2021-the-nethack-challenge/nethack_baselines/torchbeast/build/temp.linux-x86_64-3.8/CMakeFiles/CMakeTmp'
Building C object CMakeFiles/cmTC_5f650.dir/CheckSymbolExists.c.o
/usr/bin/cc -D_GNU_SOURCE -D_POSIX_C_SOURCE=199309L -D_XOPEN_SOURCE=600  -fPIE -o CMakeFiles/cmTC_5f650.dir/CheckSymbolExists.c.o -c /home/jaelee/nethack/version_euiyulsong/neurips-2021-the-nethack-challenge/nethack_baselines/torchbeast/build/temp.linux-x86_64-3.8/CMakeFiles/CMakeTmp/CheckSymbolExists.c
/home/jaelee/nethack/version_euiyulsong/neurips-2021-the-nethack-challenge/nethack_baselines/torchbeast/build/temp.linux-x86_64-3.8/CMakeFiles/CMakeTmp/CheckSymbolExists.c: In function ‘main’:
/home/jaelee/nethack/version_euiyulsong/neurips-2021-the-nethack-challenge/nethack_baselines/torchbeast/build/temp.linux-x86_64-3.8/CMakeFiles/CMakeTmp/CheckSymbolExists.c:27:19: error: ‘SO_NONBLOCK’ undeclared (first use in this function); did you mean ‘O_NONBLOCK’?
   27 |   return ((int*)(&SO_NONBLOCK))[argc];
      |                   ^~~~~~~~~~~
      |                   O_NONBLOCK
/home/jaelee/nethack/version_euiyulsong/neurips-2021-the-nethack-challenge/nethack_baselines/torchbeast/build/temp.linux-x86_64-3.8/CMakeFiles/CMakeTmp/CheckSymbolExists.c:27:19: note: each undeclared identifier is reported only once for each function it appears in
make[1]: *** [CMakeFiles/cmTC_5f650.dir/build.make:78: CMakeFiles/cmTC_5f650.dir/CheckSymbolExists.c.o] Error 1
make[1]: Leaving directory '/home/jaelee/nethack/version_euiyulsong/neurips-2021-the-nethack-challenge/nethack_baselines/torchbeast/build/temp.linux-x86_64-3.8/CMakeFiles/CMakeTmp'
make: *** [Makefile:127: cmTC_5f650/fast] Error 2


File /home/jaelee/nethack/version_euiyulsong/neurips-2021-the-nethack-challenge/nethack_baselines/torchbeast/build/temp.linux-x86_64-3.8/CMakeFiles/CMakeTmp/CheckSymbolExists.c:
/* */
#include <stdbool.h>
#include <sys/types.h>
#include <arpa/inet.h>
#include <arpa/nameser.h>
#include <netdb.h>
#include <net/if.h>
#include <netinet/in.h>
#include <netinet/tcp.h>
#include <signal.h>
#include <stdlib.h>
#include <string.h>
#include <strings.h>
#include <sys/ioctl.h>
#include <sys/select.h>
#include <sys/socket.h>
#include <sys/time.h>
#include <sys/uio.h>
#include <time.h>
#include <fcntl.h>
#include <unistd.h>

int main(int argc, char** argv)
{
  (void)argv;
#ifndef SO_NONBLOCK
  return ((int*)(&SO_NONBLOCK))[argc];
#else
  (void)argc;
  return 0;
#endif
}
Determining if the bitncmp exist failed with the following output:
Change Dir: /home/jaelee/nethack/version_euiyulsong/neurips-2021-the-nethack-challenge/nethack_baselines/torchbeast/build/temp.linux-x86_64-3.8/CMakeFiles/CMakeTmp

Run Build Command(s):/usr/bin/make -f Makefile cmTC_78986/fast && /usr/bin/make  -f CMakeFiles/cmTC_78986.dir/build.make CMakeFiles/cmTC_78986.dir/build
make[1]: Entering directory '/home/jaelee/nethack/version_euiyulsong/neurips-2021-the-nethack-challenge/nethack_baselines/torchbeast/build/temp.linux-x86_64-3.8/CMakeFiles/CMakeTmp'
Building C object CMakeFiles/cmTC_78986.dir/CheckSymbolExists.c.o
/usr/bin/cc -D_GNU_SOURCE -D_POSIX_C_SOURCE=199309L -D_XOPEN_SOURCE=600  -fPIE -o CMakeFiles/cmTC_78986.dir/CheckSymbolExists.c.o -c /home/jaelee/nethack/version_euiyulsong/neurips-2021-the-nethack-challenge/nethack_baselines/torchbeast/build/temp.linux-x86_64-3.8/CMakeFiles/CMakeTmp/CheckSymbolExists.c
/home/jaelee/nethack/version_euiyulsong/neurips-2021-the-nethack-challenge/nethack_baselines/torchbeast/build/temp.linux-x86_64-3.8/CMakeFiles/CMakeTmp/CheckSymbolExists.c: In function ‘main’:
/home/jaelee/nethack/version_euiyulsong/neurips-2021-the-nethack-challenge/nethack_baselines/torchbeast/build/temp.linux-x86_64-3.8/CMakeFiles/CMakeTmp/CheckSymbolExists.c:27:19: error: ‘bitncmp’ undeclared (first use in this function); did you mean ‘bcmp’?
   27 |   return ((int*)(&bitncmp))[argc];
      |                   ^~~~~~~
      |                   bcmp
/home/jaelee/nethack/version_euiyulsong/neurips-2021-the-nethack-challenge/nethack_baselines/torchbeast/build/temp.linux-x86_64-3.8/CMakeFiles/CMakeTmp/CheckSymbolExists.c:27:19: note: each undeclared identifier is reported only once for each function it appears in
make[1]: *** [CMakeFiles/cmTC_78986.dir/build.make:78: CMakeFiles/cmTC_78986.dir/CheckSymbolExists.c.o] Error 1
make[1]: Leaving directory '/home/jaelee/nethack/version_euiyulsong/neurips-2021-the-nethack-challenge/nethack_baselines/torchbeast/build/temp.linux-x86_64-3.8/CMakeFiles/CMakeTmp'
make: *** [Makefile:127: cmTC_78986/fast] Error 2


File /home/jaelee/nethack/version_euiyulsong/neurips-2021-the-nethack-challenge/nethack_baselines/torchbeast/build/temp.linux-x86_64-3.8/CMakeFiles/CMakeTmp/CheckSymbolExists.c:
/* */
#include <stdbool.h>
#include <sys/types.h>
#include <arpa/inet.h>
#include <arpa/nameser.h>
#include <netdb.h>
#include <net/if.h>
#include <netinet/in.h>
#include <netinet/tcp.h>
#include <signal.h>
#include <stdlib.h>
#include <string.h>
#include <strings.h>
#include <sys/ioctl.h>
#include <sys/select.h>
#include <sys/socket.h>
#include <sys/time.h>
#include <sys/uio.h>
#include <time.h>
#include <fcntl.h>
#include <unistd.h>

int main(int argc, char** argv)
{
  (void)argv;
#ifndef bitncmp
  return ((int*)(&bitncmp))[argc];
#else
  (void)argc;
  return 0;
#endif
}
Determining if the closesocket exist failed with the following output:
Change Dir: /home/jaelee/nethack/version_euiyulsong/neurips-2021-the-nethack-challenge/nethack_baselines/torchbeast/build/temp.linux-x86_64-3.8/CMakeFiles/CMakeTmp

Run Build Command(s):/usr/bin/make -f Makefile cmTC_b1d29/fast && /usr/bin/make  -f CMakeFiles/cmTC_b1d29.dir/build.make CMakeFiles/cmTC_b1d29.dir/build
make[1]: Entering directory '/home/jaelee/nethack/version_euiyulsong/neurips-2021-the-nethack-challenge/nethack_baselines/torchbeast/build/temp.linux-x86_64-3.8/CMakeFiles/CMakeTmp'
Building C object CMakeFiles/cmTC_b1d29.dir/CheckSymbolExists.c.o
/usr/bin/cc -D_GNU_SOURCE -D_POSIX_C_SOURCE=199309L -D_XOPEN_SOURCE=600  -fPIE -o CMakeFiles/cmTC_b1d29.dir/CheckSymbolExists.c.o -c /home/jaelee/nethack/version_euiyulsong/neurips-2021-the-nethack-challenge/nethack_baselines/torchbeast/build/temp.linux-x86_64-3.8/CMakeFiles/CMakeTmp/CheckSymbolExists.c
/home/jaelee/nethack/version_euiyulsong/neurips-2021-the-nethack-challenge/nethack_baselines/torchbeast/build/temp.linux-x86_64-3.8/CMakeFiles/CMakeTmp/CheckSymbolExists.c: In function ‘main’:
/home/jaelee/nethack/version_euiyulsong/neurips-2021-the-nethack-challenge/nethack_baselines/torchbeast/build/temp.linux-x86_64-3.8/CMakeFiles/CMakeTmp/CheckSymbolExists.c:27:19: error: ‘closesocket’ undeclared (first use in this function)
   27 |   return ((int*)(&closesocket))[argc];
      |                   ^~~~~~~~~~~
/home/jaelee/nethack/version_euiyulsong/neurips-2021-the-nethack-challenge/nethack_baselines/torchbeast/build/temp.linux-x86_64-3.8/CMakeFiles/CMakeTmp/CheckSymbolExists.c:27:19: note: each undeclared identifier is reported only once for each function it appears in
make[1]: *** [CMakeFiles/cmTC_b1d29.dir/build.make:78: CMakeFiles/cmTC_b1d29.dir/CheckSymbolExists.c.o] Error 1
make[1]: Leaving directory '/home/jaelee/nethack/version_euiyulsong/neurips-2021-the-nethack-challenge/nethack_baselines/torchbeast/build/temp.linux-x86_64-3.8/CMakeFiles/CMakeTmp'
make: *** [Makefile:127: cmTC_b1d29/fast] Error 2


File /home/jaelee/nethack/version_euiyulsong/neurips-2021-the-nethack-challenge/nethack_baselines/torchbeast/build/temp.linux-x86_64-3.8/CMakeFiles/CMakeTmp/CheckSymbolExists.c:
/* */
#include <stdbool.h>
#include <sys/types.h>
#include <arpa/inet.h>
#include <arpa/nameser.h>
#include <netdb.h>
#include <net/if.h>
#include <netinet/in.h>
#include <netinet/tcp.h>
#include <signal.h>
#include <stdlib.h>
#include <string.h>
#include <strings.h>
#include <sys/ioctl.h>
#include <sys/select.h>
#include <sys/socket.h>
#include <sys/time.h>
#include <sys/uio.h>
#include <time.h>
#include <fcntl.h>
#include <unistd.h>

int main(int argc, char** argv)
{
  (void)argv;
#ifndef closesocket
  return ((int*)(&closesocket))[argc];
#else
  (void)argc;
  return 0;
#endif
}
Determining if the CloseSocket exist failed with the following output:
Change Dir: /home/jaelee/nethack/version_euiyulsong/neurips-2021-the-nethack-challenge/nethack_baselines/torchbeast/build/temp.linux-x86_64-3.8/CMakeFiles/CMakeTmp

Run Build Command(s):/usr/bin/make -f Makefile cmTC_23fdf/fast && /usr/bin/make  -f CMakeFiles/cmTC_23fdf.dir/build.make CMakeFiles/cmTC_23fdf.dir/build
make[1]: Entering directory '/home/jaelee/nethack/version_euiyulsong/neurips-2021-the-nethack-challenge/nethack_baselines/torchbeast/build/temp.linux-x86_64-3.8/CMakeFiles/CMakeTmp'
Building C object CMakeFiles/cmTC_23fdf.dir/CheckSymbolExists.c.o
/usr/bin/cc -D_GNU_SOURCE -D_POSIX_C_SOURCE=199309L -D_XOPEN_SOURCE=600  -fPIE -o CMakeFiles/cmTC_23fdf.dir/CheckSymbolExists.c.o -c /home/jaelee/nethack/version_euiyulsong/neurips-2021-the-nethack-challenge/nethack_baselines/torchbeast/build/temp.linux-x86_64-3.8/CMakeFiles/CMakeTmp/CheckSymbolExists.c
/home/jaelee/nethack/version_euiyulsong/neurips-2021-the-nethack-challenge/nethack_baselines/torchbeast/build/temp.linux-x86_64-3.8/CMakeFiles/CMakeTmp/CheckSymbolExists.c: In function ‘main’:
/home/jaelee/nethack/version_euiyulsong/neurips-2021-the-nethack-challenge/nethack_baselines/torchbeast/build/temp.linux-x86_64-3.8/CMakeFiles/CMakeTmp/CheckSymbolExists.c:27:19: error: ‘CloseSocket’ undeclared (first use in this function)
   27 |   return ((int*)(&CloseSocket))[argc];
      |                   ^~~~~~~~~~~
/home/jaelee/nethack/version_euiyulsong/neurips-2021-the-nethack-challenge/nethack_baselines/torchbeast/build/temp.linux-x86_64-3.8/CMakeFiles/CMakeTmp/CheckSymbolExists.c:27:19: note: each undeclared identifier is reported only once for each function it appears in
make[1]: *** [CMakeFiles/cmTC_23fdf.dir/build.make:78: CMakeFiles/cmTC_23fdf.dir/CheckSymbolExists.c.o] Error 1
make[1]: Leaving directory '/home/jaelee/nethack/version_euiyulsong/neurips-2021-the-nethack-challenge/nethack_baselines/torchbeast/build/temp.linux-x86_64-3.8/CMakeFiles/CMakeTmp'
make: *** [Makefile:127: cmTC_23fdf/fast] Error 2


File /home/jaelee/nethack/version_euiyulsong/neurips-2021-the-nethack-challenge/nethack_baselines/torchbeast/build/temp.linux-x86_64-3.8/CMakeFiles/CMakeTmp/CheckSymbolExists.c:
/* */
#include <stdbool.h>
#include <sys/types.h>
#include <arpa/inet.h>
#include <arpa/nameser.h>
#include <netdb.h>
#include <net/if.h>
#include <netinet/in.h>
#include <netinet/tcp.h>
#include <signal.h>
#include <stdlib.h>
#include <string.h>
#include <strings.h>
#include <sys/ioctl.h>
#include <sys/select.h>
#include <sys/socket.h>
#include <sys/time.h>
#include <sys/uio.h>
#include <time.h>
#include <fcntl.h>
#include <unistd.h>

int main(int argc, char** argv)
{
  (void)argv;
#ifndef CloseSocket
  return ((int*)(&CloseSocket))[argc];
#else
  (void)argc;
  return 0;
#endif
}
Determining if the inet_net_pton exist failed with the following output:
Change Dir: /home/jaelee/nethack/version_euiyulsong/neurips-2021-the-nethack-challenge/nethack_baselines/torchbeast/build/temp.linux-x86_64-3.8/CMakeFiles/CMakeTmp

Run Build Command(s):/usr/bin/make -f Makefile cmTC_61e93/fast && /usr/bin/make  -f CMakeFiles/cmTC_61e93.dir/build.make CMakeFiles/cmTC_61e93.dir/build
make[1]: Entering directory '/home/jaelee/nethack/version_euiyulsong/neurips-2021-the-nethack-challenge/nethack_baselines/torchbeast/build/temp.linux-x86_64-3.8/CMakeFiles/CMakeTmp'
Building C object CMakeFiles/cmTC_61e93.dir/CheckSymbolExists.c.o
/usr/bin/cc -D_GNU_SOURCE -D_POSIX_C_SOURCE=199309L -D_XOPEN_SOURCE=600  -fPIE -o CMakeFiles/cmTC_61e93.dir/CheckSymbolExists.c.o -c /home/jaelee/nethack/version_euiyulsong/neurips-2021-the-nethack-challenge/nethack_baselines/torchbeast/build/temp.linux-x86_64-3.8/CMakeFiles/CMakeTmp/CheckSymbolExists.c
Linking C executable cmTC_61e93
/home/jaelee/anaconda3/envs/nle/bin/cmake -E cmake_link_script CMakeFiles/cmTC_61e93.dir/link.txt --verbose=1
/usr/bin/cc -rdynamic CMakeFiles/cmTC_61e93.dir/CheckSymbolExists.c.o -o cmTC_61e93  -lnsl -lrt 
/usr/bin/ld: CMakeFiles/cmTC_61e93.dir/CheckSymbolExists.c.o: in function `main':
CheckSymbolExists.c:(.text+0x1f): undefined reference to `inet_net_pton'
collect2: error: ld returned 1 exit status
make[1]: *** [CMakeFiles/cmTC_61e93.dir/build.make:99: cmTC_61e93] Error 1
make[1]: Leaving directory '/home/jaelee/nethack/version_euiyulsong/neurips-2021-the-nethack-challenge/nethack_baselines/torchbeast/build/temp.linux-x86_64-3.8/CMakeFiles/CMakeTmp'
make: *** [Makefile:127: cmTC_61e93/fast] Error 2


File /home/jaelee/nethack/version_euiyulsong/neurips-2021-the-nethack-challenge/nethack_baselines/torchbeast/build/temp.linux-x86_64-3.8/CMakeFiles/CMakeTmp/CheckSymbolExists.c:
/* */
#include <stdbool.h>
#include <sys/types.h>
#include <arpa/inet.h>
#include <arpa/nameser.h>
#include <netdb.h>
#include <net/if.h>
#include <netinet/in.h>
#include <netinet/tcp.h>
#include <signal.h>
#include <stdlib.h>
#include <string.h>
#include <strings.h>
#include <sys/ioctl.h>
#include <sys/select.h>
#include <sys/socket.h>
#include <sys/time.h>
#include <sys/uio.h>
#include <time.h>
#include <fcntl.h>
#include <unistd.h>

int main(int argc, char** argv)
{
  (void)argv;
#ifndef inet_net_pton
  return ((int*)(&inet_net_pton))[argc];
#else
  (void)argc;
  return 0;
#endif
}
Determining if the ioctlsocket exist failed with the following output:
Change Dir: /home/jaelee/nethack/version_euiyulsong/neurips-2021-the-nethack-challenge/nethack_baselines/torchbeast/build/temp.linux-x86_64-3.8/CMakeFiles/CMakeTmp

Run Build Command(s):/usr/bin/make -f Makefile cmTC_03d5b/fast && /usr/bin/make  -f CMakeFiles/cmTC_03d5b.dir/build.make CMakeFiles/cmTC_03d5b.dir/build
make[1]: Entering directory '/home/jaelee/nethack/version_euiyulsong/neurips-2021-the-nethack-challenge/nethack_baselines/torchbeast/build/temp.linux-x86_64-3.8/CMakeFiles/CMakeTmp'
Building C object CMakeFiles/cmTC_03d5b.dir/CheckSymbolExists.c.o
/usr/bin/cc -D_GNU_SOURCE -D_POSIX_C_SOURCE=199309L -D_XOPEN_SOURCE=600  -fPIE -o CMakeFiles/cmTC_03d5b.dir/CheckSymbolExists.c.o -c /home/jaelee/nethack/version_euiyulsong/neurips-2021-the-nethack-challenge/nethack_baselines/torchbeast/build/temp.linux-x86_64-3.8/CMakeFiles/CMakeTmp/CheckSymbolExists.c
/home/jaelee/nethack/version_euiyulsong/neurips-2021-the-nethack-challenge/nethack_baselines/torchbeast/build/temp.linux-x86_64-3.8/CMakeFiles/CMakeTmp/CheckSymbolExists.c: In function ‘main’:
/home/jaelee/nethack/version_euiyulsong/neurips-2021-the-nethack-challenge/nethack_baselines/torchbeast/build/temp.linux-x86_64-3.8/CMakeFiles/CMakeTmp/CheckSymbolExists.c:27:19: error: ‘ioctlsocket’ undeclared (first use in this function)
   27 |   return ((int*)(&ioctlsocket))[argc];
      |                   ^~~~~~~~~~~
/home/jaelee/nethack/version_euiyulsong/neurips-2021-the-nethack-challenge/nethack_baselines/torchbeast/build/temp.linux-x86_64-3.8/CMakeFiles/CMakeTmp/CheckSymbolExists.c:27:19: note: each undeclared identifier is reported only once for each function it appears in
make[1]: *** [CMakeFiles/cmTC_03d5b.dir/build.make:78: CMakeFiles/cmTC_03d5b.dir/CheckSymbolExists.c.o] Error 1
make[1]: Leaving directory '/home/jaelee/nethack/version_euiyulsong/neurips-2021-the-nethack-challenge/nethack_baselines/torchbeast/build/temp.linux-x86_64-3.8/CMakeFiles/CMakeTmp'
make: *** [Makefile:127: cmTC_03d5b/fast] Error 2


File /home/jaelee/nethack/version_euiyulsong/neurips-2021-the-nethack-challenge/nethack_baselines/torchbeast/build/temp.linux-x86_64-3.8/CMakeFiles/CMakeTmp/CheckSymbolExists.c:
/* */
#include <stdbool.h>
#include <sys/types.h>
#include <arpa/inet.h>
#include <arpa/nameser.h>
#include <netdb.h>
#include <net/if.h>
#include <netinet/in.h>
#include <netinet/tcp.h>
#include <signal.h>
#include <stdlib.h>
#include <string.h>
#include <strings.h>
#include <sys/ioctl.h>
#include <sys/select.h>
#include <sys/socket.h>
#include <sys/time.h>
#include <sys/uio.h>
#include <time.h>
#include <fcntl.h>
#include <unistd.h>

int main(int argc, char** argv)
{
  (void)argv;
#ifndef ioctlsocket
  return ((int*)(&ioctlsocket))[argc];
#else
  (void)argc;
  return 0;
#endif
}
Determining if the IoctlSocket exist failed with the following output:
Change Dir: /home/jaelee/nethack/version_euiyulsong/neurips-2021-the-nethack-challenge/nethack_baselines/torchbeast/build/temp.linux-x86_64-3.8/CMakeFiles/CMakeTmp

Run Build Command(s):/usr/bin/make -f Makefile cmTC_6789a/fast && /usr/bin/make  -f CMakeFiles/cmTC_6789a.dir/build.make CMakeFiles/cmTC_6789a.dir/build
make[1]: Entering directory '/home/jaelee/nethack/version_euiyulsong/neurips-2021-the-nethack-challenge/nethack_baselines/torchbeast/build/temp.linux-x86_64-3.8/CMakeFiles/CMakeTmp'
Building C object CMakeFiles/cmTC_6789a.dir/CheckSymbolExists.c.o
/usr/bin/cc -D_GNU_SOURCE -D_POSIX_C_SOURCE=199309L -D_XOPEN_SOURCE=600  -fPIE -o CMakeFiles/cmTC_6789a.dir/CheckSymbolExists.c.o -c /home/jaelee/nethack/version_euiyulsong/neurips-2021-the-nethack-challenge/nethack_baselines/torchbeast/build/temp.linux-x86_64-3.8/CMakeFiles/CMakeTmp/CheckSymbolExists.c
/home/jaelee/nethack/version_euiyulsong/neurips-2021-the-nethack-challenge/nethack_baselines/torchbeast/build/temp.linux-x86_64-3.8/CMakeFiles/CMakeTmp/CheckSymbolExists.c: In function ‘main’:
/home/jaelee/nethack/version_euiyulsong/neurips-2021-the-nethack-challenge/nethack_baselines/torchbeast/build/temp.linux-x86_64-3.8/CMakeFiles/CMakeTmp/CheckSymbolExists.c:27:19: error: ‘IoctlSocket’ undeclared (first use in this function)
   27 |   return ((int*)(&IoctlSocket))[argc];
      |                   ^~~~~~~~~~~
/home/jaelee/nethack/version_euiyulsong/neurips-2021-the-nethack-challenge/nethack_baselines/torchbeast/build/temp.linux-x86_64-3.8/CMakeFiles/CMakeTmp/CheckSymbolExists.c:27:19: note: each undeclared identifier is reported only once for each function it appears in
make[1]: *** [CMakeFiles/cmTC_6789a.dir/build.make:78: CMakeFiles/cmTC_6789a.dir/CheckSymbolExists.c.o] Error 1
make[1]: Leaving directory '/home/jaelee/nethack/version_euiyulsong/neurips-2021-the-nethack-challenge/nethack_baselines/torchbeast/build/temp.linux-x86_64-3.8/CMakeFiles/CMakeTmp'
make: *** [Makefile:127: cmTC_6789a/fast] Error 2


File /home/jaelee/nethack/version_euiyulsong/neurips-2021-the-nethack-challenge/nethack_baselines/torchbeast/build/temp.linux-x86_64-3.8/CMakeFiles/CMakeTmp/CheckSymbolExists.c:
/* */
#include <stdbool.h>
#include <sys/types.h>
#include <arpa/inet.h>
#include <arpa/nameser.h>
#include <netdb.h>
#include <net/if.h>
#include <netinet/in.h>
#include <netinet/tcp.h>
#include <signal.h>
#include <stdlib.h>
#include <string.h>
#include <strings.h>
#include <sys/ioctl.h>
#include <sys/select.h>
#include <sys/socket.h>
#include <sys/time.h>
#include <sys/uio.h>
#include <time.h>
#include <fcntl.h>
#include <unistd.h>

int main(int argc, char** argv)
{
  (void)argv;
#ifndef IoctlSocket
  return ((int*)(&IoctlSocket))[argc];
#else
  (void)argc;
  return 0;
#endif
}
Determining if the strcmpi exist failed with the following output:
Change Dir: /home/jaelee/nethack/version_euiyulsong/neurips-2021-the-nethack-challenge/nethack_baselines/torchbeast/build/temp.linux-x86_64-3.8/CMakeFiles/CMakeTmp

Run Build Command(s):/usr/bin/make -f Makefile cmTC_b3523/fast && /usr/bin/make  -f CMakeFiles/cmTC_b3523.dir/build.make CMakeFiles/cmTC_b3523.dir/build
make[1]: Entering directory '/home/jaelee/nethack/version_euiyulsong/neurips-2021-the-nethack-challenge/nethack_baselines/torchbeast/build/temp.linux-x86_64-3.8/CMakeFiles/CMakeTmp'
Building C object CMakeFiles/cmTC_b3523.dir/CheckSymbolExists.c.o
/usr/bin/cc -D_GNU_SOURCE -D_POSIX_C_SOURCE=199309L -D_XOPEN_SOURCE=600  -fPIE -o CMakeFiles/cmTC_b3523.dir/CheckSymbolExists.c.o -c /home/jaelee/nethack/version_euiyulsong/neurips-2021-the-nethack-challenge/nethack_baselines/torchbeast/build/temp.linux-x86_64-3.8/CMakeFiles/CMakeTmp/CheckSymbolExists.c
/home/jaelee/nethack/version_euiyulsong/neurips-2021-the-nethack-challenge/nethack_baselines/torchbeast/build/temp.linux-x86_64-3.8/CMakeFiles/CMakeTmp/CheckSymbolExists.c: In function ‘main’:
/home/jaelee/nethack/version_euiyulsong/neurips-2021-the-nethack-challenge/nethack_baselines/torchbeast/build/temp.linux-x86_64-3.8/CMakeFiles/CMakeTmp/CheckSymbolExists.c:27:19: error: ‘strcmpi’ undeclared (first use in this function); did you mean ‘strcmp’?
   27 |   return ((int*)(&strcmpi))[argc];
      |                   ^~~~~~~
      |                   strcmp
/home/jaelee/nethack/version_euiyulsong/neurips-2021-the-nethack-challenge/nethack_baselines/torchbeast/build/temp.linux-x86_64-3.8/CMakeFiles/CMakeTmp/CheckSymbolExists.c:27:19: note: each undeclared identifier is reported only once for each function it appears in
make[1]: *** [CMakeFiles/cmTC_b3523.dir/build.make:78: CMakeFiles/cmTC_b3523.dir/CheckSymbolExists.c.o] Error 1
make[1]: Leaving directory '/home/jaelee/nethack/version_euiyulsong/neurips-2021-the-nethack-challenge/nethack_baselines/torchbeast/build/temp.linux-x86_64-3.8/CMakeFiles/CMakeTmp'
make: *** [Makefile:127: cmTC_b3523/fast] Error 2


File /home/jaelee/nethack/version_euiyulsong/neurips-2021-the-nethack-challenge/nethack_baselines/torchbeast/build/temp.linux-x86_64-3.8/CMakeFiles/CMakeTmp/CheckSymbolExists.c:
/* */
#include <stdbool.h>
#include <sys/types.h>
#include <arpa/inet.h>
#include <arpa/nameser.h>
#include <netdb.h>
#include <net/if.h>
#include <netinet/in.h>
#include <netinet/tcp.h>
#include <signal.h>
#include <stdlib.h>
#include <string.h>
#include <strings.h>
#include <sys/ioctl.h>
#include <sys/select.h>
#include <sys/socket.h>
#include <sys/time.h>
#include <sys/uio.h>
#include <time.h>
#include <fcntl.h>
#include <unistd.h>

int main(int argc, char** argv)
{
  (void)argv;
#ifndef strcmpi
  return ((int*)(&strcmpi))[argc];
#else
  (void)argc;
  return 0;
#endif
}
Determining if the stricmp exist failed with the following output:
Change Dir: /home/jaelee/nethack/version_euiyulsong/neurips-2021-the-nethack-challenge/nethack_baselines/torchbeast/build/temp.linux-x86_64-3.8/CMakeFiles/CMakeTmp

Run Build Command(s):/usr/bin/make -f Makefile cmTC_3ab9a/fast && /usr/bin/make  -f CMakeFiles/cmTC_3ab9a.dir/build.make CMakeFiles/cmTC_3ab9a.dir/build
make[1]: Entering directory '/home/jaelee/nethack/version_euiyulsong/neurips-2021-the-nethack-challenge/nethack_baselines/torchbeast/build/temp.linux-x86_64-3.8/CMakeFiles/CMakeTmp'
Building C object CMakeFiles/cmTC_3ab9a.dir/CheckSymbolExists.c.o
/usr/bin/cc -D_GNU_SOURCE -D_POSIX_C_SOURCE=199309L -D_XOPEN_SOURCE=600  -fPIE -o CMakeFiles/cmTC_3ab9a.dir/CheckSymbolExists.c.o -c /home/jaelee/nethack/version_euiyulsong/neurips-2021-the-nethack-challenge/nethack_baselines/torchbeast/build/temp.linux-x86_64-3.8/CMakeFiles/CMakeTmp/CheckSymbolExists.c
/home/jaelee/nethack/version_euiyulsong/neurips-2021-the-nethack-challenge/nethack_baselines/torchbeast/build/temp.linux-x86_64-3.8/CMakeFiles/CMakeTmp/CheckSymbolExists.c: In function ‘main’:
/home/jaelee/nethack/version_euiyulsong/neurips-2021-the-nethack-challenge/nethack_baselines/torchbeast/build/temp.linux-x86_64-3.8/CMakeFiles/CMakeTmp/CheckSymbolExists.c:27:19: error: ‘stricmp’ undeclared (first use in this function); did you mean ‘strncmp’?
   27 |   return ((int*)(&stricmp))[argc];
      |                   ^~~~~~~
      |                   strncmp
/home/jaelee/nethack/version_euiyulsong/neurips-2021-the-nethack-challenge/nethack_baselines/torchbeast/build/temp.linux-x86_64-3.8/CMakeFiles/CMakeTmp/CheckSymbolExists.c:27:19: note: each undeclared identifier is reported only once for each function it appears in
make[1]: *** [CMakeFiles/cmTC_3ab9a.dir/build.make:78: CMakeFiles/cmTC_3ab9a.dir/CheckSymbolExists.c.o] Error 1
make[1]: Leaving directory '/home/jaelee/nethack/version_euiyulsong/neurips-2021-the-nethack-challenge/nethack_baselines/torchbeast/build/temp.linux-x86_64-3.8/CMakeFiles/CMakeTmp'
make: *** [Makefile:127: cmTC_3ab9a/fast] Error 2


File /home/jaelee/nethack/version_euiyulsong/neurips-2021-the-nethack-challenge/nethack_baselines/torchbeast/build/temp.linux-x86_64-3.8/CMakeFiles/CMakeTmp/CheckSymbolExists.c:
/* */
#include <stdbool.h>
#include <sys/types.h>
#include <arpa/inet.h>
#include <arpa/nameser.h>
#include <netdb.h>
#include <net/if.h>
#include <netinet/in.h>
#include <netinet/tcp.h>
#include <signal.h>
#include <stdlib.h>
#include <string.h>
#include <strings.h>
#include <sys/ioctl.h>
#include <sys/select.h>
#include <sys/socket.h>
#include <sys/time.h>
#include <sys/uio.h>
#include <time.h>
#include <fcntl.h>
#include <unistd.h>

int main(int argc, char** argv)
{
  (void)argv;
#ifndef stricmp
  return ((int*)(&stricmp))[argc];
#else
  (void)argc;
  return 0;
#endif
}
Determining if the strncmpi exist failed with the following output:
Change Dir: /home/jaelee/nethack/version_euiyulsong/neurips-2021-the-nethack-challenge/nethack_baselines/torchbeast/build/temp.linux-x86_64-3.8/CMakeFiles/CMakeTmp

Run Build Command(s):/usr/bin/make -f Makefile cmTC_71bd6/fast && /usr/bin/make  -f CMakeFiles/cmTC_71bd6.dir/build.make CMakeFiles/cmTC_71bd6.dir/build
make[1]: Entering directory '/home/jaelee/nethack/version_euiyulsong/neurips-2021-the-nethack-challenge/nethack_baselines/torchbeast/build/temp.linux-x86_64-3.8/CMakeFiles/CMakeTmp'
Building C object CMakeFiles/cmTC_71bd6.dir/CheckSymbolExists.c.o
/usr/bin/cc -D_GNU_SOURCE -D_POSIX_C_SOURCE=199309L -D_XOPEN_SOURCE=600  -fPIE -o CMakeFiles/cmTC_71bd6.dir/CheckSymbolExists.c.o -c /home/jaelee/nethack/version_euiyulsong/neurips-2021-the-nethack-challenge/nethack_baselines/torchbeast/build/temp.linux-x86_64-3.8/CMakeFiles/CMakeTmp/CheckSymbolExists.c
/home/jaelee/nethack/version_euiyulsong/neurips-2021-the-nethack-challenge/nethack_baselines/torchbeast/build/temp.linux-x86_64-3.8/CMakeFiles/CMakeTmp/CheckSymbolExists.c: In function ‘main’:
/home/jaelee/nethack/version_euiyulsong/neurips-2021-the-nethack-challenge/nethack_baselines/torchbeast/build/temp.linux-x86_64-3.8/CMakeFiles/CMakeTmp/CheckSymbolExists.c:27:19: error: ‘strncmpi’ undeclared (first use in this function); did you mean ‘strncmp’?
   27 |   return ((int*)(&strncmpi))[argc];
      |                   ^~~~~~~~
      |                   strncmp
/home/jaelee/nethack/version_euiyulsong/neurips-2021-the-nethack-challenge/nethack_baselines/torchbeast/build/temp.linux-x86_64-3.8/CMakeFiles/CMakeTmp/CheckSymbolExists.c:27:19: note: each undeclared identifier is reported only once for each function it appears in
make[1]: *** [CMakeFiles/cmTC_71bd6.dir/build.make:78: CMakeFiles/cmTC_71bd6.dir/CheckSymbolExists.c.o] Error 1
make[1]: Leaving directory '/home/jaelee/nethack/version_euiyulsong/neurips-2021-the-nethack-challenge/nethack_baselines/torchbeast/build/temp.linux-x86_64-3.8/CMakeFiles/CMakeTmp'
make: *** [Makefile:127: cmTC_71bd6/fast] Error 2


File /home/jaelee/nethack/version_euiyulsong/neurips-2021-the-nethack-challenge/nethack_baselines/torchbeast/build/temp.linux-x86_64-3.8/CMakeFiles/CMakeTmp/CheckSymbolExists.c:
/* */
#include <stdbool.h>
#include <sys/types.h>
#include <arpa/inet.h>
#include <arpa/nameser.h>
#include <netdb.h>
#include <net/if.h>
#include <netinet/in.h>
#include <netinet/tcp.h>
#include <signal.h>
#include <stdlib.h>
#include <string.h>
#include <strings.h>
#include <sys/ioctl.h>
#include <sys/select.h>
#include <sys/socket.h>
#include <sys/time.h>
#include <sys/uio.h>
#include <time.h>
#include <fcntl.h>
#include <unistd.h>

int main(int argc, char** argv)
{
  (void)argv;
#ifndef strncmpi
  return ((int*)(&strncmpi))[argc];
#else
  (void)argc;
  return 0;
#endif
}
Determining if the strnicmp exist failed with the following output:
Change Dir: /home/jaelee/nethack/version_euiyulsong/neurips-2021-the-nethack-challenge/nethack_baselines/torchbeast/build/temp.linux-x86_64-3.8/CMakeFiles/CMakeTmp

Run Build Command(s):/usr/bin/make -f Makefile cmTC_2c036/fast && /usr/bin/make  -f CMakeFiles/cmTC_2c036.dir/build.make CMakeFiles/cmTC_2c036.dir/build
make[1]: Entering directory '/home/jaelee/nethack/version_euiyulsong/neurips-2021-the-nethack-challenge/nethack_baselines/torchbeast/build/temp.linux-x86_64-3.8/CMakeFiles/CMakeTmp'
Building C object CMakeFiles/cmTC_2c036.dir/CheckSymbolExists.c.o
/usr/bin/cc -D_GNU_SOURCE -D_POSIX_C_SOURCE=199309L -D_XOPEN_SOURCE=600  -fPIE -o CMakeFiles/cmTC_2c036.dir/CheckSymbolExists.c.o -c /home/jaelee/nethack/version_euiyulsong/neurips-2021-the-nethack-challenge/nethack_baselines/torchbeast/build/temp.linux-x86_64-3.8/CMakeFiles/CMakeTmp/CheckSymbolExists.c
/home/jaelee/nethack/version_euiyulsong/neurips-2021-the-nethack-challenge/nethack_baselines/torchbeast/build/temp.linux-x86_64-3.8/CMakeFiles/CMakeTmp/CheckSymbolExists.c: In function ‘main’:
/home/jaelee/nethack/version_euiyulsong/neurips-2021-the-nethack-challenge/nethack_baselines/torchbeast/build/temp.linux-x86_64-3.8/CMakeFiles/CMakeTmp/CheckSymbolExists.c:27:19: error: ‘strnicmp’ undeclared (first use in this function); did you mean ‘strncmp’?
   27 |   return ((int*)(&strnicmp))[argc];
      |                   ^~~~~~~~
      |                   strncmp
/home/jaelee/nethack/version_euiyulsong/neurips-2021-the-nethack-challenge/nethack_baselines/torchbeast/build/temp.linux-x86_64-3.8/CMakeFiles/CMakeTmp/CheckSymbolExists.c:27:19: note: each undeclared identifier is reported only once for each function it appears in
make[1]: *** [CMakeFiles/cmTC_2c036.dir/build.make:78: CMakeFiles/cmTC_2c036.dir/CheckSymbolExists.c.o] Error 1
make[1]: Leaving directory '/home/jaelee/nethack/version_euiyulsong/neurips-2021-the-nethack-challenge/nethack_baselines/torchbeast/build/temp.linux-x86_64-3.8/CMakeFiles/CMakeTmp'
make: *** [Makefile:127: cmTC_2c036/fast] Error 2


File /home/jaelee/nethack/version_euiyulsong/neurips-2021-the-nethack-challenge/nethack_baselines/torchbeast/build/temp.linux-x86_64-3.8/CMakeFiles/CMakeTmp/CheckSymbolExists.c:
/* */
#include <stdbool.h>
#include <sys/types.h>
#include <arpa/inet.h>
#include <arpa/nameser.h>
#include <netdb.h>
#include <net/if.h>
#include <netinet/in.h>
#include <netinet/tcp.h>
#include <signal.h>
#include <stdlib.h>
#include <string.h>
#include <strings.h>
#include <sys/ioctl.h>
#include <sys/select.h>
#include <sys/socket.h>
#include <sys/time.h>
#include <sys/uio.h>
#include <time.h>
#include <fcntl.h>
#include <unistd.h>

int main(int argc, char** argv)
{
  (void)argv;
#ifndef strnicmp
  return ((int*)(&strnicmp))[argc];
#else
  (void)argc;
  return 0;
#endif
}
Determining if the function __system_property_get exists failed with the following output:
Change Dir: /home/jaelee/nethack/version_euiyulsong/neurips-2021-the-nethack-challenge/nethack_baselines/torchbeast/build/temp.linux-x86_64-3.8/CMakeFiles/CMakeTmp

Run Build Command(s):/usr/bin/make -f Makefile cmTC_b09f5/fast && /usr/bin/make  -f CMakeFiles/cmTC_b09f5.dir/build.make CMakeFiles/cmTC_b09f5.dir/build
make[1]: Entering directory '/home/jaelee/nethack/version_euiyulsong/neurips-2021-the-nethack-challenge/nethack_baselines/torchbeast/build/temp.linux-x86_64-3.8/CMakeFiles/CMakeTmp'
Building C object CMakeFiles/cmTC_b09f5.dir/CheckFunctionExists.c.o
/usr/bin/cc -D_GNU_SOURCE -D_POSIX_C_SOURCE=199309L -D_XOPEN_SOURCE=600  -DCHECK_FUNCTION_EXISTS=__system_property_get -fPIE -o CMakeFiles/cmTC_b09f5.dir/CheckFunctionExists.c.o -c /home/jaelee/anaconda3/envs/nle/share/cmake-3.22/Modules/CheckFunctionExists.c
Linking C executable cmTC_b09f5
/home/jaelee/anaconda3/envs/nle/bin/cmake -E cmake_link_script CMakeFiles/cmTC_b09f5.dir/link.txt --verbose=1
/usr/bin/cc   -DCHECK_FUNCTION_EXISTS=__system_property_get -rdynamic CMakeFiles/cmTC_b09f5.dir/CheckFunctionExists.c.o -o cmTC_b09f5  -lnsl -lrt 
/usr/bin/ld: CMakeFiles/cmTC_b09f5.dir/CheckFunctionExists.c.o: in function `main':
CheckFunctionExists.c:(.text+0x14): undefined reference to `__system_property_get'
collect2: error: ld returned 1 exit status
make[1]: *** [CMakeFiles/cmTC_b09f5.dir/build.make:99: cmTC_b09f5] Error 1
make[1]: Leaving directory '/home/jaelee/nethack/version_euiyulsong/neurips-2021-the-nethack-challenge/nethack_baselines/torchbeast/build/temp.linux-x86_64-3.8/CMakeFiles/CMakeTmp'
make: *** [Makefile:127: cmTC_b09f5/fast] Error 2



